<?xml version="1.0" encoding="UTF-8"?>
<!-- Generated by org.testng.reporters.JUnitXMLReporter -->
<testsuite ignored="0" hostname="DESKTOP-IOI875F" failures="0" tests="2" name="End to end Framework Test" time="0.408" errors="0" timestamp="2025-03-13T15:39:16 IST">
  <testcase classname="TestUtils.AndroidBasetest" name="@BeforeClass ConfigureAppium" time="0.091">
    <failure type="io.appium.java_client.service.local.AppiumServerHasNotBeenStartedLocallyException" message="Appium HTTP server has started and is listening although we were unable to get an OK response from http://127.0.0.1:4723/status. Make sure both the client and the server use the same base path &amp;apos;/&amp;apos; and check the server log for possible error messages occurrences.
Response status code: 404
Response payload: {&amp;quot;status&amp;quot;:9,&amp;quot;value&amp;quot;:{&amp;quot;error&amp;quot;:&amp;quot;unknown command&amp;quot;,&amp;quot;message&amp;quot;:&amp;quot;The requested resource could not be found, or a request was received using an HTTP method that is not supported by the mapped resource&amp;quot;,&amp;quot;stacktrace&amp;quot;:&amp;quot;&amp;quot;}}
Node.js executable path: C:\Program Files\nodejs\node.exe
Arguments: [C:\Users\Dashan K N\AppData\Roaming\npm\node_modules\appium\build\lib\main.js, --port, 4723, --address, 127.0.0.1]">
      <![CDATA[io.appium.java_client.service.local.AppiumServerHasNotBeenStartedLocallyException: Appium HTTP server has started and is listening although we were unable to get an OK response from http://127.0.0.1:4723/status. Make sure both the client and the server use the same base path '/' and check the server log for possible error messages occurrences.
Response status code: 404
Response payload: {"status":9,"value":{"error":"unknown command","message":"The requested resource could not be found, or a request was received using an HTTP method that is not supported by the mapped resource","stacktrace":""}}
Node.js executable path: C:\Program Files\nodejs\node.exe
Arguments: [C:\Users\Dashan K N\AppData\Roaming\npm\node_modules\appium\build\lib\main.js, --port, 4723, --address, 127.0.0.1]
at io.appium.java_client.service.local.AppiumDriverLocalService.start(AppiumDriverLocalService.java:192)
at utils.AppiumUtils.startAppiumServer(AppiumUtils.java:54)
at TestUtils.AndroidBasetest.ConfigureAppium(AndroidBasetest.java:67)
at java.base/java.util.ArrayList.forEach(ArrayList.java:1511)
Caused by: io.appium.java_client.service.local.AppiumServerAvailabilityChecker$ConnectionError: ConnectionError
at io.appium.java_client.service.local.AppiumServerAvailabilityChecker.checkResponse(AppiumServerAvailabilityChecker.java:91)
at io.appium.java_client.service.local.AppiumServerAvailabilityChecker.waitUntilAvailable(AppiumServerAvailabilityChecker.java:62)
at io.appium.java_client.service.local.AppiumDriverLocalService.ping(AppiumDriverLocalService.java:144)
at io.appium.java_client.service.local.AppiumDriverLocalService.start(AppiumDriverLocalService.java:185)
... 28 more
... Removed 25 stack frames]]>
    </failure>
  </testcase> <!-- @BeforeClass ConfigureAppium -->
  <testcase classname="QA.TestingFramewrkDesign.eCommerce_tc_4" name="@BeforeMethod preSetup" time="0.001">
    <failure type="java.lang.NullPointerException" message="Cannot invoke &amp;quot;QA.TestingFramewrkDesign.FormPage.setActivity()&amp;quot; because &amp;quot;this.formPage&amp;quot; is null">
      <![CDATA[java.lang.NullPointerException: Cannot invoke "QA.TestingFramewrkDesign.FormPage.setActivity()" because "this.formPage" is null
at QA.TestingFramewrkDesign.eCommerce_tc_4.preSetup(eCommerce_tc_4.java:114)
at java.base/java.util.ArrayList.forEach(ArrayList.java:1511)
... Removed 31 stack frames]]>
    </failure>
  </testcase> <!-- @BeforeMethod preSetup -->
  <testcase classname="QA.TestingFramewrkDesign.eCommerce_tc_4" name="@BeforeMethod preSetup" time="0.0">
    <failure type="java.lang.NullPointerException" message="Cannot invoke &amp;quot;QA.TestingFramewrkDesign.FormPage.setActivity()&amp;quot; because &amp;quot;this.formPage&amp;quot; is null">
      <![CDATA[java.lang.NullPointerException: Cannot invoke "QA.TestingFramewrkDesign.FormPage.setActivity()" because "this.formPage" is null
at QA.TestingFramewrkDesign.eCommerce_tc_4.preSetup(eCommerce_tc_4.java:114)
at java.base/java.util.ArrayList.forEach(ArrayList.java:1511)
... Removed 31 stack frames]]>
    </failure>
  </testcase> <!-- @BeforeMethod preSetup -->
  <testcase classname="QA.TestingFramewrkDesign.eCommerce_tc_4" name="FillForm" time="0.0">
    <skipped/>
  </testcase> <!-- FillForm -->
  <testcase classname="QA.TestingFramewrkDesign.eCommerce_tc_4" name="FillForm" time="0.0">
    <skipped/>
  </testcase> <!-- FillForm -->
</testsuite> <!-- End to end Framework Test -->
