<?xml version="1.0" encoding="UTF-8"?>
<!-- Generated by org.testng.reporters.JUnitXMLReporter -->
<testsuite ignored="0" hostname="DESKTOP-IOI875F" failures="0" tests="2" name="Error Validations Test" time="0.032" errors="0" timestamp="2025-03-13T15:39:16 IST">
  <testcase classname="QA.TestingFramewrkDesign.eCommerce_tc_1" name="FillForm_ErrorValidation" time="0.0">
    <skipped/>
  </testcase> <!-- FillForm_ErrorValidation -->
  <testcase classname="QA.TestingFramewrkDesign.eCommerce_tc_1" name="FillForm_PositiveFlow" time="0.001">
    <skipped/>
  </testcase> <!-- FillForm_PositiveFlow -->
</testsuite> <!-- Error Validations Test -->
