<?xml version="1.0" encoding="UTF-8"?>
<!-- Generated by org.testng.reporters.JUnitXMLReporter -->
<testsuite ignored="0" hostname="DESKTOP-IOI875F" failures="0" tests="2" name="End to end Framework Test" time="12.864" errors="0" timestamp="2025-03-21T14:57:38 IST">
  <testcase classname="TestUtils.AndroidBasetest" name="@BeforeClass ConfigureAppium" time="12.322">
    <failure type="java.lang.NoSuchMethodError" message="&amp;apos;void org.openqa.selenium.remote.http.ClientConfig.&amp;lt;init&amp;gt;(java.net.URI, java.time.Duration, java.time.Duration, org.openqa.selenium.remote.http.Filter, java.net.Proxy, org.openqa.selenium.Credentials)&amp;apos;">
      <![CDATA[java.lang.NoSuchMethodError: 'void org.openqa.selenium.remote.http.ClientConfig.<init>(java.net.URI, java.time.Duration, java.time.Duration, org.openqa.selenium.remote.http.Filter, java.net.Proxy, org.openqa.selenium.Credentials)'
at io.appium.java_client.AppiumClientConfig.<init>(AppiumClientConfig.java:62)
at io.appium.java_client.AppiumClientConfig.defaultConfig(AppiumClientConfig.java:79)
at io.appium.java_client.remote.AppiumCommandExecutor.<init>(AppiumCommandExecutor.java:109)
at io.appium.java_client.AppiumDriver.<init>(AppiumDriver.java:101)
at io.appium.java_client.android.AndroidDriver.<init>(AndroidDriver.java:113)
at TestUtils.AndroidBasetest.ConfigureAppium(AndroidBasetest.java:83)
at java.base/java.util.ArrayList.forEach(ArrayList.java:1511)
... Removed 29 stack frames]]>
    </failure>
  </testcase> <!-- @BeforeClass ConfigureAppium -->
  <testcase classname="QA.TestingFramewrkDesign.eCommerce_tc_4" name="FillForm" time="0.0">
    <skipped/>
  </testcase> <!-- FillForm -->
  <testcase classname="QA.TestingFramewrkDesign.eCommerce_tc_4" name="FillForm" time="0.001">
    <skipped/>
  </testcase> <!-- FillForm -->
</testsuite> <!-- End to end Framework Test -->
